VALIDATION FAILURE - Auth E2E Tests (Attempt 1/100)

The project validation failed at the "Auth E2E Tests" step. You need to analyze the error and fix it.

## Error Details:

[31m‚éØ‚éØ‚éØ‚éØ‚éØ‚éØ‚éØ[39m[1m[41m Failed Tests 1 [49m[22m[31m‚éØ‚éØ‚éØ‚éØ‚éØ‚éØ‚éØ[39m

[41m[1m FAIL [22m[49m src/__tests__/auth.e2e.test.tsx[2m > [22mUV_SignIn (Vitest, real API)[2m > [22msigns in successfully with valid credentials
[31m[1mAssertionError[22m: expected false to be true // Object.is equality

Ignored nodes: comments, script, style
[36m<html>[31m
  [36m<head />[31m
  [36m<body>[31m
    [36m<div>[31m
      [36m<form>[31m
        [36m<div>[31m
          [36m<label[31m
            [33mfor[31m=[32m"email"[31m
          [36m>[31m
            [0mEmail Address[0m
          [36m</label>[31m
          [36m<input[31m
            [33mid[31m=[32m"email"[31m
            [33mtype[31m=[32m"email"[31m
            [33mvalue[31m=[32m"testuser1768757289612@example.com"[31m
          [36m/>[31m
        [36m</div>[31m
        [36m<div>[31m
          [36m<label[31m
            [33mfor[31m=[32m"password"[31m
          [36m>[31m
            [0mPassword[0m
          [36m</label>[31m
          [36m<input[31m
            [33mid[31m=[32m"password"[31m
            [33mtype[31m=[32m"password"[31m
            [33mvalue[31m=[32m"Password123!"[31m
          [36m/>[31m
        [36m</div>[31m
        [36m<button[31m
          [33mtype[31m=[32m"submit"[31m
        [36m>[31m
          [0mSign In[0m
        [36m</button>[31m
      [36m</form>[31m
    [36m</div>[31m
  [36m</body>[31m
[36m</html>[31m[39m

[32m- Expected[39m
[31m+ Received[39m

[32m- true[39m
[31m+ false[39m

[36m [2m‚ùØ[22m timeout src/__tests__/auth.e2e.test.tsx:[2m61:83[22m[39m
    [90m 59| [39m      () [33m=>[39m {
    [90m 60| [39m        [35mconst[39m state [33m=[39m useAppStore[33m.[39m[34mgetState[39m()[33m;[39m
    [90m 61| [39m        expect(state.authentication_state.authentication_status.is_aut‚Ä¶
    [90m   | [39m                                                                                  [31m^[39m
    [90m 62| [39m        [34mexpect[39m(state[33m.[39mauthentication_state[33m.[39mauth_token)[33m.[39m[34mtoBeTruthy[39m()[33m;[39m
    [90m 63| [39m      }[33m,[39m
[90m [2m‚ùØ[22m runWithExpensiveErrorDiagnosticsDisabled node_modules/@testing-library/dom/dist/config.js:[2m47:12[22m[39m
[90m [2m‚ùØ[22m checkCallback node_modules/@testing-library/dom/dist/wait-for.js:[2m124:77[22m[39m
[90m [2m‚ùØ[22m Timeout.checkRealTimersCallback node_modules/@testing-library/dom/dist/wait-for.js:[2m118:16[22m[39m

[31m[2m‚éØ‚éØ‚éØ‚éØ‚éØ‚éØ‚éØ‚éØ‚éØ‚éØ‚éØ‚éØ‚éØ‚éØ‚éØ‚éØ‚éØ‚éØ‚éØ‚éØ‚éØ‚éØ‚éØ‚éØ[1/1]‚éØ[22m[39m



## Validation Context:
- Step: Auth E2E Tests
- Working Directory: /app/vitereact
- Attempt: 1/100
- Previous failures for this step: 1

## Project Memory Summary:
- Total validation attempts: 9
- Common issues encountered: None
- Known dependencies: clsx, framer-motion, lucide-react, react, react-dom, react-router-dom, tailwind-merge, @eslint/js, @tailwindcss/vite, @types/node
- Missing dependencies: None

## Project Structure:
FULL PROJECT STRUCTURE CONTEXT for Agent:
=====================================

Working Directory: /app/vitereact

PROJECT DIRECTORIES:
/app
/app/backend
/app/backend/dist
/app/vitereact
/app/vitereact/dist
/app/vitereact/dist/assets
/app/vitereact/public
/app/vitereact/src
/app/vitereact/src/assets
/app/vitereact/src/components
/app/vitereact/src/pages
/app/.git
/app/.git/branches
/app/.git/info
/app/.git/hooks
/app/.git/refs
/app/.git/refs/heads
/app/.git/refs/tags
/app/.git/refs/remotes
/app/.git/objects


KEY PROJECT FILES:
/app/README.md
/app/package.json
/app/backend/package-lock.json
/app/backend/package.json
/app/backend/server.ts
/app/backend/tsconfig.json
/app/backend/dist/server.js
/app/vitereact/README.md
/app/vitereact/dist/assets/index-CrmrtrlB.js
/app/vitereact/eslint.config.js
/app/vitereact/package.json
/app/vitereact/src/App.tsx
/app/vitereact/src/components/Header.tsx
/app/vitereact/src/components/Hero.tsx
/app/vitereact/src/components/Logo.tsx
/app/vitereact/src/components/Services.tsx
/app/vitereact/src/components/FAQ.tsx
/app/vitereact/src/components/Footer.tsx
/app/vitereact/src/main.tsx
/app/vitereact/src/meta.json
/app/vitereact/src/pages/Pricing.tsx
/app/vitereact/src/pages/About.tsx
/app/vitereact/src/pages/Contact.tsx
/app/vitereact/tsconfig.app.json
/app/vitereact/tsconfig.json
/app/vitereact/tsconfig.node.json
/app/vitereact/vite.config.ts
/app/vitereact/package-lock.json
/app/.opencode/package-lock.json
/app/.opencode/package.json
/app/.opencode/tool/describe_table.ts
/app/.opencode/tool/generate_image.ts
/app/.opencode/tool/get_storage_usage.ts
/app/.opencode/tool/list_project_files.ts
/app/.opencode/tool/list_tables.ts
/app/.opencode/tool/package-lock.json
/app/.opencode/tool/package.json
/app/.opencode/tool/query_database.ts
/app/.opencode/tool/update_feature_progress.ts
/app/exports/1768748148449.json
/app/feature_list.json
/app/package-lock.json
/app/opencode.json


FRONTEND (vitereact) PACKAGE.JSON:
  Scripts: dev, build, lint, preview
  Dependencies: 7 packages
  DevDependencies: 16 packages
  Key Dependencies: clsx, framer-motion, lucide-react, react, react-dom, react-router-dom, tailwind-merge

BACKEND PACKAGE.JSON:
  Scripts: start, test
  Dependencies: 4 packages
  Key Dependencies: cors, dotenv, express, pg

ROOT PACKAGE.JSON:
  Scripts: 

BACKEND SCHEMA: Not found or not accessible

BACKEND SERVER AVAILABLE:
  Location: /app/backend/server.ts
  Size: 501 characters
  Contains actual API endpoints and implementations

PROTECTED DIRECTORIES (DO NOT MODIFY):
  - /app/vitereact/src/components/ui/** (UI library)
  - /app/node_modules/** (Dependencies)
  - /app/.git/** (Version control)



## Previous Validation Failures for Auth E2E Tests:
- 5:28:20 PM: 

## Your Task:
1. **Analyze the Error**: Understand what specifically went wrong in the Auth E2E Tests step
2. **Check Previous Attempts**: Consider if this is a recurring issue based on validation history
3. **Locate the Problem**: Identify which files need to be modified
4. **Apply Fixes**: Use the available tools to fix the specific issues
5. **Focus on Root Cause**: Don't just suppress errors, fix the underlying problems





## Important Notes:
- You are working in a Modal Sandbox environment at /app/vitereact
- Make changes to the actual project files that will be used in the next validation attempt
- Always check packages are installed correctly, if not, install them, npm install
- For TypeScript errors: Fix type issues, missing imports, etc.
- For Build errors: Fix configuration issues, missing dependencies, syntax errors
- For Lint errors: Fix code style issues, unused variables, missing dependencies, etc.
- For Install errors: Fix package.json issues, dependency conflicts, etc.
- For SQL errors: Fix syntax issues, schema problems, foreign key constraints, etc.
- Use your memory context to avoid repeating failed approaches

after you have fixed the issues, run the following commands to make sure there are no errors left:
for typescript errors, run: cd /app/vitereact && npx tsc -b in /app/vitereact, it is important to run this command with -b so npx tsc -b in /app/vitereact
for lint errors run npm run lint in vitereact
for test errors, run: npm test in the appropriate directory (backend or vitereact)
for SQL errors, run: node initdb.js in the backend directory to test database initialization

MAKE SURE TO FIX ALL ERRORS! SMALL AND BIG!


The validation will retry this step after your fixes. Make sure to address the specific error shown above.